<?xml version="1.0" encoding="UTF-8" ?>
<testsuite tests="9" failures="0" name="yuanjieyue.ast4.ExpressionFactoryTest" time="0" errors="0" skipped="0">
  <properties>
[...]
</properties>
  <testcase classname="yuanjieyue.ast4.ExpressionFactoryTest" name="createNode" time="0"/>
  <testcase classname="yuanjieyue.ast4.ExpressionFactoryTest" name="createNode2" time="0"/>
  <testcase classname="yuanjieyue.ast4.ExpressionFactoryTest" name="createNode4" time="0"/>
  <testcase classname="yuanjieyue.ast4.ExpressionFactoryTest" name="createNode3" time="0"/>
  <testcase classname="yuanjieyue.ast4.ExpressionFactoryTest" name="createNode6" time="0"/>
  <testcase classname="yuanjieyue.ast4.ExpressionFactoryTest" name="createNode7" time="0"/>
  <testcase classname="yuanjieyue.ast4.ExpressionFactoryTest" name="createNode8" time="0"/>
  <testcase classname="yuanjieyue.ast4.ExpressionFactoryTest" name="createNode1" time="0"/>
  <testcase classname="yuanjieyue.ast4.ExpressionFactoryTest" name="createNode5" time="0"/>
</testsuite>